<?xml version="1.0" encoding="UTF-8" ?>
<testsuites name="vitest tests" tests="1" failures="0" errors="0" time="0.356">
    <testsuite name="src/tests/index.test.ts" timestamp="2024-07-02T03:53:26.228Z" hostname="Titan" tests="1" failures="0" errors="0" skipped="0" time="0.001">
        <testcase classname="src/tests/index.test.ts" name="should pass" time="0">
        </testcase>
    </testsuite>
</testsuites>
